0	1	mikroCARM.exe -MSF -DBG -pSTM32F107VC -UICD -BIN -LHF -DL -SSA -O11111114 -fo72 -N"D:\git\sur\Transmitter\Transmitter.mcpar" -SP"C:\Users\Public\Documents\Mikroelektronika\mikroC PRO for ARM\Defs\" -SP"C:\Users\Public\Documents\Mikroelektronika\mikroC PRO for ARM\Uses\" -SP"D:\git\sur\Transmitter\" -SP"C:\Users\Public\Documents\Mikroelektronika\mikroC PRO for ARM\Uses\ST M3\" "Transmitter.c" "ReadWrite_Routines.c" "Reset_Routines.c" "Misc_Routines.c" "Init_Routines.c" "__Lib_Math.emcl" "__Lib_MathDouble.emcl" "__Lib_Delays.emcl" "__Lib_System_105_107.emcl" "__Lib_GPIO_32F10x_Defs.emcl" "__Lib_GPIO_32F10x.emcl" "__Lib_CString.emcl" "__Lib_Conversions.emcl" "__Lib_Button.emcl" "__Lib_ADC_12_32F10x_16ch.emcl" "__Lib_SPI_123.emcl" "__Lib_LcdConsts.emcl" "__Lib_Lcd.emcl" "__Lib_TFT.emcl" "__Lib_TFT_Defs.emcl"	 
diagnostics: 0	122	Compilation Started	STM32F107VC.c
diagnostics: 38838	123	Compiled Successfully	STM32F107VC.c
diagnostics: 0	122	Compilation Started	__Lib_Delays.c
diagnostics: 118	123	Compiled Successfully	__Lib_Delays.c
hint: 66	1164	Variable 'cycles_div_by_10' has been eliminated by optimizer	__Lib_Delays.c
hint: 87	1164	Variable 'NumberOfCyc' has been eliminated by optimizer	__Lib_Delays.c
hint: 104	1164	Variable 'NumberOfCyc' has been eliminated by optimizer	__Lib_Delays.c
diagnostics: 0	122	Compilation Started	__lib_gpio.h
diagnostics: 814	123	Compiled Successfully	__Lib_GPIO_32F10x_Defs.c
diagnostics: 0	122	Compilation Started	__Lib_TFT_Defs.c
warning: 94	1508	Implicit conversion of int to ptr	__Lib_TFT_Defs.c
warning: 106	1508	Implicit conversion of int to ptr	__Lib_TFT_Defs.c
warning: 118	1508	Implicit conversion of int to ptr	__Lib_TFT_Defs.c
warning: 130	1508	Implicit conversion of int to ptr	__Lib_TFT_Defs.c
warning: 139	1508	Implicit conversion of int to ptr	__Lib_TFT_Defs.c
warning: 156	1508	Implicit conversion of int to ptr	__Lib_TFT_Defs.c
diagnostics: 3173	123	Compiled Successfully	__Lib_TFT_Defs.c
hint: 44	1164	Variable 'temp' has been eliminated by optimizer	__Lib_TFT_Defs.c
diagnostics: 0	122	Compilation Started	resources.h
diagnostics: 161	123	Compiled Successfully	Transmitter.c
diagnostics: 0	122	Compilation Started	misc_routines.h
diagnostics: 149	123	Compiled Successfully	ReadWrite_Routines.c
hint: 37	1164	Variable 'data_r' has been eliminated by optimizer	ReadWrite_Routines.c
hint: 53	1164	Variable 'address_high' has been eliminated by optimizer	ReadWrite_Routines.c
hint: 68	1164	Variable 'data_r' has been eliminated by optimizer	ReadWrite_Routines.c
hint: 69	1164	Variable 'address_high' has been eliminated by optimizer	ReadWrite_Routines.c
hint: 87	1164	Variable 'temp' has been eliminated by optimizer	ReadWrite_Routines.c
hint: 98	1164	Variable 'temp' has been eliminated by optimizer	ReadWrite_Routines.c
diagnostics: 0	122	Compilation Started	readwrite_routines.h
diagnostics: 43	123	Compiled Successfully	Reset_Routines.c
diagnostics: 0	122	Compilation Started	readwrite_routines.h
diagnostics: 438	123	Compiled Successfully	Misc_Routines.c
hint: 77	1164	Variable 'temp' has been eliminated by optimizer	Misc_Routines.c
hint: 121	1164	Variable 'temp' has been eliminated by optimizer	Misc_Routines.c
hint: 141	1164	Variable 'temp' has been eliminated by optimizer	Misc_Routines.c
hint: 155	1164	Variable 'temp' has been eliminated by optimizer	Misc_Routines.c
hint: 169	1164	Variable 'temp' has been eliminated by optimizer	Misc_Routines.c
hint: 184	1164	Variable 'temp' has been eliminated by optimizer	Misc_Routines.c
hint: 192	1164	Variable 'temp' has been eliminated by optimizer	Misc_Routines.c
hint: 203	1164	Variable 'temp' has been eliminated by optimizer	Misc_Routines.c
hint: 211	1164	Variable 'temp' has been eliminated by optimizer	Misc_Routines.c
hint: 222	1164	Variable 'temp' has been eliminated by optimizer	Misc_Routines.c
hint: 240	1164	Variable 'temp' has been eliminated by optimizer	Misc_Routines.c
hint: 261	1164	Variable 'temp' has been eliminated by optimizer	Misc_Routines.c
hint: 293	1164	Variable 'temp' has been eliminated by optimizer	Misc_Routines.c
hint: 333	1164	Variable 'temp' has been eliminated by optimizer	Misc_Routines.c
hint: 365	1164	Variable 'temp' has been eliminated by optimizer	Misc_Routines.c
diagnostics: 0	122	Compilation Started	readwrite_routines.h
diagnostics: 72	123	Compiled Successfully	Init_Routines.c
diagnostics: 0	127	All files Compiled in 234 ms	 
hint: 0	1144	Used RX: 16 (100%)   Free RX: 0 (0%)	Used RX: 16 (100%)   Free RX: 0 (0%)
hint: 0	1144	Static RAM (bytes): 227   Dynamic RAM (bytes): 65305	Static RAM (bytes): 227   Dynamic RAM (bytes): 65305
hint: 0	1144	Used ROM (bytes): 16235 (6%)  Free ROM (bytes): 245909 (94%)	Used ROM (bytes): 16235 (6%)  Free ROM (bytes): 245909 (94%)
diagnostics: 0	125	Project Linked Successfully	Transmitter.mcpar
diagnostics: 0	128	Linked in 313 ms	 
diagnostics: 0	129	Project 'Transmitter.mcpar' completed: 1641 ms	 
diagnostics: 0	103	Finished successfully: 07 Jun 2016, 02:15:33	Transmitter.mcpar
